<?xml version="1.0" encoding="UTF-8"?>
<!-- Generated by org.testng.reporters.JUnitReportReporter -->
<testsuite skipped="0" hostname="DESKTOP-2JNKN1J" name="test1.Class1" tests="1" failures="0" timestamp="13 Mar 2022 10:29:54 GMT" time="0.018" errors="0">
  <testcase name="firsttest" time="0.018" classname="test1.Class1"/>
</testsuite> <!-- test1.Class1 -->
